<?xml version="1.0" encoding="UTF-8"?>
<!-- Generated by org.testng.reporters.JUnitReportReporter -->
<testsuite hostname="user1" failures="0" tests="1" name="runner.ReadmoreTestRunner" time="79.990" errors="0" timestamp="2020-04-13T13:41:21 IST" skipped="0">
  <testcase classname="runner.ReadmoreTestRunner" name="login" time="79.990"/>
  <system-out/>
</testsuite> <!-- runner.ReadmoreTestRunner -->
