<?xml version="1.0" encoding="UTF-8"?>
<!-- Generated by org.testng.reporters.JUnitReportReporter -->
<testsuite hostname="user1" failures="0" tests="1" name="runner.ValidInvalidTestRunner" time="135.161" errors="0" timestamp="2020-04-13T13:33:31 IST" skipped="0">
  <testcase classname="runner.ValidInvalidTestRunner" name="login" time="135.161"/>
  <system-out/>
</testsuite> <!-- runner.ValidInvalidTestRunner -->
