<?xml version="1.0" encoding="UTF-8"?>
<!-- Generated by org.testng.reporters.JUnitReportReporter -->
<testsuite hostname="user1" failures="0" tests="1" name="runner.ATSiteTestRunner" time="408.385" errors="0" timestamp="2020-04-13T12:16:24 IST" skipped="0">
  <testcase classname="runner.ATSiteTestRunner" name="login" time="408.385"/>
  <system-out/>
</testsuite> <!-- runner.ATSiteTestRunner -->
