<?xml version="1.0" encoding="UTF-8"?>
<!-- Generated by org.testng.reporters.JUnitReportReporter -->
<testsuite hostname="user1" failures="0" tests="1" name="runner.DemoATSiteTestRunner" time="0.089" errors="0" timestamp="2020-04-12T19:19:51 IST" skipped="0">
  <testcase classname="runner.DemoATSiteTestRunner" name="login" time="0.089"/>
  <system-out/>
</testsuite> <!-- runner.DemoATSiteTestRunner -->
